<?xml version="1.0" encoding="UTF-8"?>
<!-- Generated by org.testng.reporters.JUnitReportReporter -->
<testsuite hostname="ajay-PC" name="testPackages.SampleTest" tests="2" failures="0" timestamp="6 Jul 2014 23:18:04 GMT" time="0.025" errors="0">
  <testcase name="testAPP" time="0.023" classname="testPackages.SampleTest"/>
  <testcase name="testLogin" time="0.002" classname="testPackages.SampleTest"/>
</testsuite> <!-- testPackages.SampleTest -->
