<?xml version="1.0" encoding="UTF-8"?>
<!-- Generated by org.testng.reporters.JUnitReportReporter -->
<testsuite hostname="ajay-PC" name="test.YahooTest" tests="2" failures="0" timestamp="11 Jul 2014 01:29:40 GMT" time="0.003" errors="0">
  <testcase name="SendMail" time="0.002" classname="test.YahooTest"/>
  <testcase name="ReceiveMail" time="0.001" classname="test.YahooTest"/>
</testsuite> <!-- test.YahooTest -->
