<?xml version="1.0" encoding="UTF-8"?>
<!-- Generated by org.testng.reporters.JUnitReportReporter -->
<testsuite hostname="ajay-PC" name="test.YahooNewsTest" tests="1" failures="0" timestamp="11 Jul 2014 01:29:40 GMT" time="0.020" errors="0">
  <testcase name="testNews" time="0.020" classname="test.YahooNewsTest"/>
</testsuite> <!-- test.YahooNewsTest -->
