<?xml version="1.0" encoding="UTF-8"?>
<!-- Generated by org.testng.reporters.JUnitReportReporter -->
<testsuite hostname="ajay-PC" name="test.YahooRegistrationTest" tests="3" failures="0" timestamp="11 Jul 2014 01:29:40 GMT" time="0.005" errors="0">
  <testcase name="testRegister" time="0.000" classname="test.YahooRegistrationTest"/>
  <testcase name="testRegister" time="0.000" classname="test.YahooRegistrationTest"/>
  <testcase name="testRegister" time="0.005" classname="test.YahooRegistrationTest"/>
</testsuite> <!-- test.YahooRegistrationTest -->
